{
  "RSpec": {
    "coverage": {
      "/home/careful-tag-7527/tic-tac-toe-rb-ruby-intro-000/lib/tic_tac_toe.rb": [
        null,
        1,
        null,
        null,
        null,
        null,
        null,
        null,
        null,
        null,
        null,
        1,
        21,
        21,
        21,
        21,
        21,
        null,
        null,
        null,
        1,
        20,
        20,
        20,
        20,
        null,
        null,
        null,
        1,
        19,
        null,
        null,
        null,
        1,
        20,
        18,
        1,
        null,
        17,
        null,
        null,
        2,
        null,
        null,
        null,
        null,
        null,
        null,
        null,
        null,
        null,
        null,
        1,
        22,
        19,
        3,
        0,
        null,
        3,
        null,
        null,
        null,
        1,
        17,
        17,
        17,
        17,
        17,
        16,
        16,
        null,
        1,
        null,
        null,
        null,
        1,
        1,
        1,
        9,
        2,
        7,
        1,
        null,
        null,
        1,
        null,
        null,
        1,
        18,
        18,
        18,
        162,
        10,
        152,
        14,
        null,
        null,
        18,
        4,
        14,
        0,
        14,
        11,
        3,
        3,
        null,
        0,
        null,
        null,
        null,
        null,
        null,
        1,
        86,
        565,
        565,
        565,
        null,
        565,
        565,
        565,
        null,
        565,
        14,
        null,
        null,
        551,
        13,
        null,
        null,
        59,
        null,
        null,
        1,
        50,
        186,
        43,
        null,
        null,
        7,
        null,
        null,
        1,
        32,
        6,
        null,
        26,
        null,
        null,
        null,
        1,
        38,
        18,
        null,
        20,
        null,
        null,
        null,
        1,
        7,
        6,
        3,
        3,
        3,
        null,
        null,
        null,
        null,
        1,
        12,
        14,
        null,
        12,
        5,
        5,
        7,
        3,
        null,
        null
      ]
    },
    "timestamp": 1599876105
  }
}
