{
  "RSpec": {
    "coverage": {
      "/home/careful-tag-7527/tic-tac-toe-rb-ruby-intro-000/lib/tic_tac_toe.rb": [
        null,
        1,
        null,
        null,
        null,
        null,
        null,
        null,
        null,
        null,
        null,
        1,
        15,
        15,
        15,
        15,
        15,
        null,
        null,
        null,
        1,
        34794,
        34794,
        34794,
        34794,
        null,
        null,
        null,
        1,
        13,
        null,
        null,
        null,
        1,
        34790,
        10,
        0,
        null,
        10,
        null,
        null,
        34780,
        null,
        null,
        null,
        null,
        null,
        null,
        null,
        null,
        null,
        null,
        1,
        14,
        12,
        2,
        0,
        null,
        2,
        null,
        null,
        null,
        1,
        34793,
        34791,
        34791,
        34791,
        34789,
        10,
        10,
        null,
        34779,
        null,
        null,
        null,
        1,
        1,
        1,
        9,
        2,
        7,
        1,
        null,
        null,
        1,
        null,
        null,
        1,
        34792,
        34792,
        34792,
        313128,
        10,
        313118,
        7,
        null,
        null,
        34792,
        0,
        34792,
        3,
        34789,
        17397,
        17390,
        17390,
        null,
        0,
        null,
        null,
        null,
        null,
        null,
        1,
        34852,
        278693,
        278693,
        278693,
        null,
        278693,
        278693,
        278693,
        null,
        278693,
        14,
        null,
        null,
        278679,
        13,
        null,
        null,
        34825,
        null,
        null,
        1,
        34816,
        34881,
        34809,
        null,
        null,
        7,
        null,
        null,
        1,
        17414,
        6,
        null,
        17408,
        null,
        null,
        null,
        1,
        17426,
        22,
        null,
        17404,
        null,
        null,
        null,
        1,
        7,
        6,
        3,
        3,
        3,
        null,
        null,
        null,
        null,
        1,
        12,
        12,
        null,
        10,
        5,
        5,
        5,
        3,
        null,
        null
      ]
    },
    "timestamp": 1599875210
  }
}
